<?xml version="1.0" encoding="UTF-8"?>
<!-- Generated by org.testng.reporters.JUnitXMLReporter -->
<testsuite hostname="HSNMM-AbhishekB" name="Courier Data" tests="3" failures="0" timestamp="29 Nov 2016 11:08:59 GMT" time="5590.017" errors="0">
  <testcase name="forwardCourier" time="5584.221" classname="src.CourierTrackDataCreation"/>
  <testcase name="NDR" time="0.004" classname="src.CourierTrackDataCreation"/>
  <testcase name="Reverse" time="0.001" classname="src.CourierTrackDataCreation"/>
</testsuite> <!-- Courier Data -->
